<?xml version="1.0" encoding="UTF-8"?>
<!-- Generated by org.testng.reporters.JUnitXMLReporter -->
<testsuite ignored="0" hostname="DESKTOP-55HTNQ2" failures="0" tests="6" name="Default test" time="67.038" errors="0" timestamp="07 Dec 2019 17:14:32 GMT">
  <testcase classname="com.testcases.AcceptanceTest" name="loginFailure" time="17.967"/>
  <testcase classname="com.testcases.AcceptanceTest" name="loginSuccess" time="6.889"/>
  <testcase classname="com.testcases.AcceptanceTest" name="alertConfirm" time="4.764"/>
  <testcase classname="com.testcases.AcceptanceTest" name="PromptCancel" time="4.607"/>
  <testcase classname="com.testcases.AcceptanceTest" name="UploadImage" time="13.59"/>
  <testcase classname="com.testcases.AcceptanceTest" name="AccessingiFrame" time="8.296"/>
</testsuite> <!-- Default test -->
