<?xml version="1.0" encoding="UTF-8"?>
<testng-results ignored="0" total="6" passed="6" failed="0" skipped="0">
  <reporter-output>
  </reporter-output>
  <suite started-at="2019-12-07T17:13:25Z" name="Default suite" finished-at="2019-12-07T17:14:32Z" duration-ms="67038">
    <groups>
    </groups>
    <test started-at="2019-12-07T17:13:25Z" name="Default test" finished-at="2019-12-07T17:14:32Z" duration-ms="67038">
      <class name="com.testcases.AcceptanceTest">
        <test-method is-config="true" signature="setProperty()[pri:0, instance:com.testcases.AcceptanceTest@6ac13091]" started-at="2019-12-07T17:13:25Z" name="setProperty" finished-at="2019-12-07T17:13:35Z" duration-ms="9951" status="PASS">
          <reporter-output>
          </reporter-output>
        </test-method> <!-- setProperty -->
        <test-method signature="loginFailure()[pri:0, instance:com.testcases.AcceptanceTest@6ac13091]" started-at="2019-12-07T17:13:35Z" name="loginFailure" finished-at="2019-12-07T17:13:53Z" duration-ms="17967" status="PASS">
          <reporter-output>
          </reporter-output>
        </test-method> <!-- loginFailure -->
        <test-method signature="loginSuccess()[pri:1, instance:com.testcases.AcceptanceTest@6ac13091]" started-at="2019-12-07T17:13:53Z" name="loginSuccess" finished-at="2019-12-07T17:14:00Z" duration-ms="6889" status="PASS">
          <reporter-output>
          </reporter-output>
        </test-method> <!-- loginSuccess -->
        <test-method signature="alertConfirm()[pri:2, instance:com.testcases.AcceptanceTest@6ac13091]" started-at="2019-12-07T17:14:00Z" name="alertConfirm" finished-at="2019-12-07T17:14:05Z" duration-ms="4764" status="PASS">
          <reporter-output>
          </reporter-output>
        </test-method> <!-- alertConfirm -->
        <test-method signature="PromptCancel()[pri:3, instance:com.testcases.AcceptanceTest@6ac13091]" started-at="2019-12-07T17:14:05Z" name="PromptCancel" finished-at="2019-12-07T17:14:09Z" duration-ms="4607" status="PASS">
          <reporter-output>
          </reporter-output>
        </test-method> <!-- PromptCancel -->
        <test-method signature="UploadImage()[pri:4, instance:com.testcases.AcceptanceTest@6ac13091]" started-at="2019-12-07T17:14:09Z" name="UploadImage" finished-at="2019-12-07T17:14:23Z" duration-ms="13590" status="PASS">
          <reporter-output>
          </reporter-output>
        </test-method> <!-- UploadImage -->
        <test-method signature="AccessingiFrame()[pri:5, instance:com.testcases.AcceptanceTest@6ac13091]" started-at="2019-12-07T17:14:23Z" name="AccessingiFrame" finished-at="2019-12-07T17:14:31Z" duration-ms="8296" status="PASS">
          <reporter-output>
          </reporter-output>
        </test-method> <!-- AccessingiFrame -->
        <test-method is-config="true" signature="CloseApp()[pri:0, instance:com.testcases.AcceptanceTest@6ac13091]" started-at="2019-12-07T17:14:31Z" name="CloseApp" finished-at="2019-12-07T17:14:32Z" duration-ms="939" status="PASS">
          <reporter-output>
          </reporter-output>
        </test-method> <!-- CloseApp -->
      </class> <!-- com.testcases.AcceptanceTest -->
    </test> <!-- Default test -->
  </suite> <!-- Default suite -->
</testng-results>
